Arguments: 
  C:\Program Files\nodejs\node.exe C:\Users\tsdda\AppData\Roaming\npm\node_modules\yarn\bin\yarn.js test

PATH: 
  C:\Program Files\Git\mingw64\bin;C:\Program Files\Git\usr\bin;C:\Users\tsdda\bin;D:\WebstormProjects\waves-tools\node_modules\.bin;C:\Windows\system32;C:\Windows;C:\Windows\System32\Wbem;C:\Windows\System32\WindowsPowerShell\v1.0;C:\Windows\System32\OpenSSH;C:\Program Files (x86)\NVIDIA Corporation\PhysX\Common;C:\Program Files\NVIDIA Corporation\NVIDIA NvDLISR;C:\Program Files\Git\cmd;C:\Program Files\nodejs;C:\Users\tsdda\AppData\Local\Microsoft\WindowsApps;C:\Users\tsdda\AppData\Local\Programs\Microsoft VS Code\bin;C:\Users\tsdda\AppData\Roaming\npm;C:\Program Files\JetBrains\WebStorm 2020.1\bin

Yarn version: 
  1.22.4

Node version: 
  12.16.2

Platform: 
  win32 x64

Trace: 
  SyntaxError: D:\WebstormProjects\waves-tools\package.json: Unexpected token } in JSON at position 381
      at JSON.parse (<anonymous>)
      at C:\Users\tsdda\AppData\Roaming\npm\node_modules\yarn\lib\cli.js:1625:59
      at Generator.next (<anonymous>)
      at step (C:\Users\tsdda\AppData\Roaming\npm\node_modules\yarn\lib\cli.js:310:30)
      at C:\Users\tsdda\AppData\Roaming\npm\node_modules\yarn\lib\cli.js:321:13

npm manifest: 
  {
    "name": "fetch",
    "version": "0.0.0",
    "description": "Request with node-fetch",
    "main": "dist/index.js",
    "types": "dist/index.d.ts",
    "license": "MIT",
    "dependencies": {
      "@types/node": "^14.0.27",
      "node-fetch": "^2.6.0"
    },
    "files": [
      "dist"
    ],
    "devDependencies": {
      "@types/jest": "^26.0.9",
      "jest": "^26.3.0",
      "ts-jest": "^26.1.4",
      "typescript": "^3.9.7"
    },
    "scripts": {
      "test": "jest"
    }
  }

yarn manifest: 
  No manifest

Lockfile: 
  No lockfile
